<testsuite failures="0" name="karate/createPet/createpet.feature" skipped="0" tests="2" time="2.641524">
  <testcase classname="karate.createPet.createpet" name="add new pet" time="2.019041">
    <system-out>* url url ................................................................. passed
* def requestBody = read ('classpath:Karate/createPet/requestBodyCreatePet.json') . passed
* def responseBody = read ('classpath:Karate/createPet/responseCreatePet.json') . passed
Given path 'pet' .......................................................... passed
And request requestBody ................................................... passed
When method post .......................................................... passed
Then status 200 ........................................................... passed
And match response == responseBody ........................................ passed
And assert response.id == requestBody.id .................................. passed
And assert response.category.id ==requestBody.category.id ................. passed</system-out>
  </testcase>
  <testcase classname="karate.createPet.createpet" name="add pet with invalid data" time="0.622483">
    <system-out>* url url ................................................................. passed
* def requestBody = read ('classpath:Karate/createPet/requestBodyCreatePet.json') . passed
* def responseBody = read ('classpath:Karate/createPet/responseCreatePet.json') . passed
Given path 'pet' .......................................................... passed
And request requestBody ................................................... passed
When method post .......................................................... passed
Then status 200 ........................................................... passed
And match response == responseBody ........................................ passed
And assert response.id == requestBody.id .................................. passed
And assert response.category.id ==requestBody.category.id ................. passed
* url url ................................................................. passed
Given path 'pet' .......................................................... passed
* def requestBody = read ('classpath:Karate/createPet/requestBodyCreatePetinvalid.json') . passed
And request requestBody ................................................... passed
When method post .......................................................... passed
Then status 500 ........................................................... passed</system-out>
  </testcase>
</testsuite>
